# JRE version: Java(TM) SE Runtime Environment (17.0.1+12) (build 17.0.1+12-LTS-39)
# Java VM: Java HotSpot(TM) 64-Bit Server VM (17.0.1+12-LTS-39, mixed mode, sharing, tiered, compressed oops, compressed class ptrs, g1 gc, windows-amd64)
GC Precious Log:
 CPUs: 32 total, 32 available
 Memory: 65440M
 Large Page Support: Disabled
 NUMA Support: Disabled
 Compressed Oops: Enabled (Zero based)
 Heap Region Size: 8M
 Heap Min Capacity: 8M
 Heap Initial Capacity: 1G
 Heap Max Capacity: 16368M
 Pre-touch: Disabled
 Parallel Workers: 23
 Concurrent Workers: 6
 Concurrent Refinement Workers: 23
 Periodic GC: Disabled
Heap:
 garbage-first heap   total 524288K, used 302943K [0x0000000401000000, 0x0000000800000000)
  region size 8192K, 18 young (147456K), 4 survivors (32768K)
 Metaspace       used 72644K, committed 73472K, reserved 1114112K
  class space    used 10601K, committed 11008K, reserved 1048576K
GC Heap History (20 events):
Event: 5.964 GC heap before
{Heap before GC invocations=9 (full 0):
 garbage-first heap   total 434176K, used 326402K [0x0000000401000000, 0x0000000800000000)
  region size 8192K, 30 young (245760K), 2 survivors (16384K)
 Metaspace       used 33532K, committed 33920K, reserved 1081344K
  class space    used 3942K, committed 4160K, reserved 1048576K
}
Event: 5.967 GC heap after
{Heap after GC invocations=10 (full 0):
 garbage-first heap   total 434176K, used 99500K [0x0000000401000000, 0x0000000800000000)
  region size 8192K, 2 young (16384K), 2 survivors (16384K)
 Metaspace       used 33532K, committed 33920K, reserved 1081344K
  class space    used 3942K, committed 4160K, reserved 1048576K
}
Event: 6.344 GC heap before
{Heap before GC invocations=10 (full 0):
 garbage-first heap   total 434176K, used 173228K [0x0000000401000000, 0x0000000800000000)
  region size 8192K, 12 young (98304K), 2 survivors (16384K)
 Metaspace       used 35610K, committed 36096K, reserved 1081344K
  class space    used 4235K, committed 4480K, reserved 1048576K
}
Event: 6.350 GC heap after
{Heap after GC invocations=11 (full 0):
 garbage-first heap   total 434176K, used 104511K [0x0000000401000000, 0x0000000800000000)
  region size 8192K, 3 young (24576K), 3 survivors (24576K)
 Metaspace       used 35610K, committed 36096K, reserved 1081344K
  class space    used 4235K, committed 4480K, reserved 1048576K
}
Event: 7.075 GC heap before
{Heap before GC invocations=12 (full 0):
 garbage-first heap   total 409600K, used 333887K [0x0000000401000000, 0x0000000800000000)
  region size 8192K, 31 young (253952K), 3 survivors (24576K)
 Metaspace       used 37938K, committed 38400K, reserved 1089536K
  class space    used 4708K, committed 4928K, reserved 1048576K
}
Event: 7.090 GC heap after
{Heap after GC invocations=13 (full 0):
 garbage-first heap   total 409600K, used 124808K [0x0000000401000000, 0x0000000800000000)
  region size 8192K, 4 young (32768K), 4 survivors (32768K)
 Metaspace       used 37938K, committed 38400K, reserved 1089536K
  class space    used 4708K, committed 4928K, reserved 1048576K
}
Event: 7.457 GC heap before
{Heap before GC invocations=13 (full 0):
 garbage-first heap   total 409600K, used 313224K [0x0000000401000000, 0x0000000800000000)
  region size 8192K, 27 young (221184K), 4 survivors (32768K)
 Metaspace       used 39244K, committed 39744K, reserved 1089536K
  class space    used 4939K, committed 5184K, reserved 1048576K
}
Event: 7.475 GC heap after
{Heap after GC invocations=14 (full 0):
 garbage-first heap   total 409600K, used 145278K [0x0000000401000000, 0x0000000800000000)
  region size 8192K, 3 young (24576K), 3 survivors (24576K)
 Metaspace       used 39244K, committed 39744K, reserved 1089536K
  class space    used 4939K, committed 5184K, reserved 1048576K
}
Event: 8.314 GC heap before
{Heap before GC invocations=14 (full 0):
 garbage-first heap   total 409600K, used 309118K [0x0000000401000000, 0x0000000800000000)
  region size 8192K, 23 young (188416K), 3 survivors (24576K)
 Metaspace       used 43662K, committed 44160K, reserved 1089536K
  class space    used 5392K, committed 5632K, reserved 1048576K
}
Event: 8.321 GC heap after
{Heap after GC invocations=15 (full 0):
 garbage-first heap   total 409600K, used 151321K [0x0000000401000000, 0x0000000800000000)
  region size 8192K, 1 young (8192K), 1 survivors (8192K)
 Metaspace       used 43662K, committed 44160K, reserved 1089536K
  class space    used 5392K, committed 5632K, reserved 1048576K
}
Event: 9.313 GC heap before
{Heap before GC invocations=15 (full 0):
 garbage-first heap   total 409600K, used 323353K [0x0000000401000000, 0x0000000800000000)
  region size 8192K, 22 young (180224K), 1 survivors (8192K)
 Metaspace       used 50561K, committed 51136K, reserved 1097728K
  class space    used 6839K, committed 7104K, reserved 1048576K
}
Event: 9.321 GC heap after
{Heap after GC invocations=16 (full 0):
 garbage-first heap   total 409600K, used 169561K [0x0000000401000000, 0x0000000800000000)
  region size 8192K, 3 young (24576K), 3 survivors (24576K)
 Metaspace       used 50561K, committed 51136K, reserved 1097728K
  class space    used 6839K, committed 7104K, reserved 1048576K
}
Event: 9.681 GC heap before
{Heap before GC invocations=16 (full 0):
 garbage-first heap   total 409600K, used 317017K [0x0000000401000000, 0x0000000800000000)
  region size 8192K, 21 young (172032K), 3 survivors (24576K)
 Metaspace       used 52150K, committed 52736K, reserved 1097728K
  class space    used 7105K, committed 7360K, reserved 1048576K
}
Event: 9.694 GC heap after
{Heap after GC invocations=17 (full 0):
 garbage-first heap   total 409600K, used 177143K [0x0000000401000000, 0x0000000800000000)
  region size 8192K, 2 young (16384K), 2 survivors (16384K)
 Metaspace       used 52150K, committed 52736K, reserved 1097728K
  class space    used 7105K, committed 7360K, reserved 1048576K
}
Event: 10.252 GC heap before
{Heap before GC invocations=17 (full 0):
 garbage-first heap   total 409600K, used 308215K [0x0000000401000000, 0x0000000800000000)
  region size 8192K, 18 young (147456K), 2 survivors (16384K)
 Metaspace       used 55421K, committed 56000K, reserved 1097728K
  class space    used 7721K, committed 8000K, reserved 1048576K
}
Event: 10.261 GC heap after
{Heap after GC invocations=18 (full 0):
 garbage-first heap   total 409600K, used 181292K [0x0000000401000000, 0x0000000800000000)
  region size 8192K, 2 young (16384K), 2 survivors (16384K)
 Metaspace       used 55421K, committed 56000K, reserved 1097728K
  class space    used 7721K, committed 8000K, reserved 1048576K
}
Event: 10.731 GC heap before
{Heap before GC invocations=18 (full 0):
 garbage-first heap   total 409600K, used 246828K [0x0000000401000000, 0x0000000800000000)
  region size 8192K, 11 young (90112K), 2 survivors (16384K)
 Metaspace       used 59646K, committed 60288K, reserved 1105920K
  class space    used 8634K, committed 8960K, reserved 1048576K
}
Event: 10.736 GC heap after
{Heap after GC invocations=19 (full 0):
 garbage-first heap   total 524288K, used 183419K [0x0000000401000000, 0x0000000800000000)
  region size 8192K, 2 young (16384K), 2 survivors (16384K)
 Metaspace       used 59646K, committed 60288K, reserved 1105920K
  class space    used 8634K, committed 8960K, reserved 1048576K
}
Event: 11.759 GC heap before
{Heap before GC invocations=20 (full 0):
 garbage-first heap   total 524288K, used 412795K [0x0000000401000000, 0x0000000800000000)
  region size 8192K, 30 young (245760K), 2 survivors (16384K)
 Metaspace       used 68262K, committed 69056K, reserved 1114112K
  class space    used 9900K, committed 10304K, reserved 1048576K
}
Event: 11.769 GC heap after
{Heap after GC invocations=21 (full 0):
 garbage-first heap   total 524288K, used 196447K [0x0000000401000000, 0x0000000800000000)
  region size 8192K, 4 young (32768K), 4 survivors (32768K)
 Metaspace       used 68262K, committed 69056K, reserved 1114112K
  class space    used 9900K, committed 10304K, reserved 1048576K
}

